[2026-02-21 08:54:30] production.ERROR: The C:\Users\mirod\Documents\Code\JetBrains\GFSDFoodDrive\bootstrap\cache directory must be present and writable. {"exception":"[object] (Exception(code: 0): The C:\\Users\\mirod\\Documents\\Code\\JetBrains\\GFSDFoodDrive\\bootstrap\\cache directory must be present and writable. at C:/Users/mirod/Documents/Code/JetBrains/GFSDFoodDrive/vendor/laravel/framework/src/Illuminate/Foundation/PackageManifest.php:179)
[stacktrace]
#0 C:/Users/mirod/Documents/Code/JetBrains/GFSDFoodDrive/vendor/laravel/framework/src/Illuminate/Foundation/PackageManifest.php(132): Illuminate/Foundation/PackageManifest->write()
#1 C:/Users/mirod/Documents/Code/JetBrains/GFSDFoodDrive/vendor/laravel/framework/src/Illuminate/Foundation/PackageManifest.php(108): Illuminate/Foundation/PackageManifest->build()
#2 C:/Users/mirod/Documents/Code/JetBrains/GFSDFoodDrive/vendor/laravel/framework/src/Illuminate/Foundation/PackageManifest.php(91): Illuminate/Foundation/PackageManifest->getManifest()
#3 C:/Users/mirod/Documents/Code/JetBrains/GFSDFoodDrive/vendor/laravel/framework/src/Illuminate/Foundation/PackageManifest.php(80): Illuminate/Foundation/PackageManifest->config()
#4 C:/Users/mirod/Documents/Code/JetBrains/GFSDFoodDrive/vendor/laravel/framework/src/Illuminate/Foundation/Bootstrap/RegisterFacades.php(26): Illuminate/Foundation/PackageManifest->aliases()
#5 C:/Users/mirod/Documents/Code/JetBrains/GFSDFoodDrive/vendor/laravel/framework/src/Illuminate/Foundation/Application.php(342): Illuminate/Foundation/Bootstrap/RegisterFacades->bootstrap()
#6 C:/Users/mirod/Documents/Code/JetBrains/GFSDFoodDrive/vendor/laravel/framework/src/Illuminate/Foundation/Console/Kernel.php(474): Illuminate/Foundation/Application->bootstrapWith()
#7 C:/Users/mirod/Documents/Code/JetBrains/GFSDFoodDrive/vendor/laravel/framework/src/Illuminate/Foundation/Console/Kernel.php(196): Illuminate/Foundation/Console/Kernel->bootstrap()
#8 C:/Users/mirod/Documents/Code/JetBrains/GFSDFoodDrive/vendor/laravel/framework/src/Illuminate/Foundation/Application.php(1235): Illuminate/Foundation/Console/Kernel->handle()
#9 C:/Users/mirod/Documents/Code/JetBrains/GFSDFoodDrive/artisan(9): Illuminate/Foundation/Application->handleCommand()
#10 {main}
"} 
[2026-02-21 08:56:44] local.ERROR: SQLSTATE[HY000] [2002] No connection could be made because the target machine actively refused it (Connection: mysql, SQL: select exists (select 1 from information_schema.tables where table_schema = 'gfsdfooddrive' and table_name = 'migrations' and table_type in ('BASE TABLE', 'SYSTEM VERSIONED')) as `exists`) {"exception":"[object] (Illuminate\\Database\\QueryException(code: 2002): SQLSTATE[HY000] [2002] No connection could be made because the target machine actively refused it (Connection: mysql, SQL: select exists (select 1 from information_schema.tables where table_schema = 'gfsdfooddrive' and table_name = 'migrations' and table_type in ('BASE TABLE', 'SYSTEM VERSIONED')) as `exists`) at C:/Users/mirod/Documents/Code/JetBrains/GFSDFoodDrive/vendor/laravel/framework/src/Illuminate/Database/Connection.php:825)
[stacktrace]
#0 C:/Users/mirod/Documents/Code/JetBrains/GFSDFoodDrive/vendor/laravel/framework/src/Illuminate/Database/Connection.php(979): Illuminate/Database/Connection->runQueryCallback()
#1 C:/Users/mirod/Documents/Code/JetBrains/GFSDFoodDrive/vendor/laravel/framework/src/Illuminate/Database/Connection.php(958): Illuminate/Database/Connection->tryAgainIfCausedByLostConnection()
#2 C:/Users/mirod/Documents/Code/JetBrains/GFSDFoodDrive/vendor/laravel/framework/src/Illuminate/Database/Connection.php(781): Illuminate/Database/Connection->handleQueryException()
#3 C:/Users/mirod/Documents/Code/JetBrains/GFSDFoodDrive/vendor/laravel/framework/src/Illuminate/Database/Connection.php(398): Illuminate/Database/Connection->run()
#4 C:/Users/mirod/Documents/Code/JetBrains/GFSDFoodDrive/vendor/laravel/framework/src/Illuminate/Database/Connection.php(344): Illuminate/Database/Connection->select()
#5 C:/Users/mirod/Documents/Code/JetBrains/GFSDFoodDrive/vendor/laravel/framework/src/Illuminate/Database/Connection.php(361): Illuminate/Database/Connection->selectOne()
#6 C:/Users/mirod/Documents/Code/JetBrains/GFSDFoodDrive/vendor/laravel/framework/src/Illuminate/Database/Schema/MySqlBuilder.php(45): Illuminate/Database/Connection->scalar()
#7 C:/Users/mirod/Documents/Code/JetBrains/GFSDFoodDrive/vendor/laravel/framework/src/Illuminate/Database/Migrations/DatabaseMigrationRepository.php(184): Illuminate/Database/Schema/MySqlBuilder->hasTable()
#8 C:/Users/mirod/Documents/Code/JetBrains/GFSDFoodDrive/vendor/laravel/framework/src/Illuminate/Database/Migrations/Migrator.php(742): Illuminate/Database/Migrations/DatabaseMigrationRepository->repositoryExists()
#9 C:/Users/mirod/Documents/Code/JetBrains/GFSDFoodDrive/vendor/laravel/framework/src/Illuminate/Database/Console/Migrations/MigrateCommand.php(165): Illuminate/Database/Migrations/Migrator->repositoryExists()
#10 C:/Users/mirod/Documents/Code/JetBrains/GFSDFoodDrive/vendor/laravel/framework/src/Illuminate/Support/helpers.php(338): Illuminate/Database/Console/Migrations/MigrateCommand->{closure:Illuminate/Database/Console/Migrations/MigrateCommand::repositoryExists():165}()
#11 C:/Users/mirod/Documents/Code/JetBrains/GFSDFoodDrive/vendor/laravel/framework/src/Illuminate/Database/Console/Migrations/MigrateCommand.php(165): retry()
#12 C:/Users/mirod/Documents/Code/JetBrains/GFSDFoodDrive/vendor/laravel/framework/src/Illuminate/Database/Console/Migrations/MigrateCommand.php(141): Illuminate/Database/Console/Migrations/MigrateCommand->repositoryExists()
#13 C:/Users/mirod/Documents/Code/JetBrains/GFSDFoodDrive/vendor/laravel/framework/src/Illuminate/Database/Console/Migrations/MigrateCommand.php(111): Illuminate/Database/Console/Migrations/MigrateCommand->prepareDatabase()
#14 C:/Users/mirod/Documents/Code/JetBrains/GFSDFoodDrive/vendor/laravel/framework/src/Illuminate/Database/Migrations/Migrator.php(658): Illuminate/Database/Console/Migrations/MigrateCommand->{closure:Illuminate/Database/Console/Migrations/MigrateCommand::runMigrations():110}()
#15 C:/Users/mirod/Documents/Code/JetBrains/GFSDFoodDrive/vendor/laravel/framework/src/Illuminate/Database/Console/Migrations/MigrateCommand.php(110): Illuminate/Database/Migrations/Migrator->usingConnection()
#16 C:/Users/mirod/Documents/Code/JetBrains/GFSDFoodDrive/vendor/laravel/framework/src/Illuminate/Database/Console/Migrations/MigrateCommand.php(89): Illuminate/Database/Console/Migrations/MigrateCommand->runMigrations()
#17 C:/Users/mirod/Documents/Code/JetBrains/GFSDFoodDrive/vendor/laravel/framework/src/Illuminate/Container/BoundMethod.php(36): Illuminate/Database/Console/Migrations/MigrateCommand->handle()
#18 C:/Users/mirod/Documents/Code/JetBrains/GFSDFoodDrive/vendor/laravel/framework/src/Illuminate/Container/Util.php(43): Illuminate/Container/BoundMethod::{closure:Illuminate/Container/BoundMethod::call():35}()
#19 C:/Users/mirod/Documents/Code/JetBrains/GFSDFoodDrive/vendor/laravel/framework/src/Illuminate/Container/BoundMethod.php(95): Illuminate/Container/Util::unwrapIfClosure()
#20 C:/Users/mirod/Documents/Code/JetBrains/GFSDFoodDrive/vendor/laravel/framework/src/Illuminate/Container/BoundMethod.php(35): Illuminate/Container/BoundMethod::callBoundMethod()
#21 C:/Users/mirod/Documents/Code/JetBrains/GFSDFoodDrive/vendor/laravel/framework/src/Illuminate/Container/Container.php(696): Illuminate/Container/BoundMethod::call()
#22 C:/Users/mirod/Documents/Code/JetBrains/GFSDFoodDrive/vendor/laravel/framework/src/Illuminate/Console/Command.php(213): Illuminate/Container/Container->call()
#23 C:/Users/mirod/Documents/Code/JetBrains/GFSDFoodDrive/vendor/symfony/console/Command/Command.php(341): Illuminate/Console/Command->execute()
#24 C:/Users/mirod/Documents/Code/JetBrains/GFSDFoodDrive/vendor/laravel/framework/src/Illuminate/Console/Command.php(182): Symfony/Component/Console/Command/Command->run()
#25 C:/Users/mirod/Documents/Code/JetBrains/GFSDFoodDrive/vendor/symfony/console/Application.php(1102): Illuminate/Console/Command->run()
#26 C:/Users/mirod/Documents/Code/JetBrains/GFSDFoodDrive/vendor/symfony/console/Application.php(356): Symfony/Component/Console/Application->doRunCommand()
#27 C:/Users/mirod/Documents/Code/JetBrains/GFSDFoodDrive/vendor/symfony/console/Application.php(195): Symfony/Component/Console/Application->doRun()
#28 C:/Users/mirod/Documents/Code/JetBrains/GFSDFoodDrive/vendor/laravel/framework/src/Illuminate/Foundation/Console/Kernel.php(198): Symfony/Component/Console/Application->run()
#29 C:/Users/mirod/Documents/Code/JetBrains/GFSDFoodDrive/vendor/laravel/framework/src/Illuminate/Foundation/Application.php(1235): Illuminate/Foundation/Console/Kernel->handle()
#30 C:/Users/mirod/Documents/Code/JetBrains/GFSDFoodDrive/artisan(9): Illuminate/Foundation/Application->handleCommand()
#31 {main}

[previous exception] [object] (PDOException(code: 2002): SQLSTATE[HY000] [2002] No connection could be made because the target machine actively refused it at C:/Users/mirod/Documents/Code/JetBrains/GFSDFoodDrive/vendor/laravel/framework/src/Illuminate/Database/Connectors/Connector.php:67)
[stacktrace]
#0 C:/Users/mirod/Documents/Code/JetBrains/GFSDFoodDrive/vendor/laravel/framework/src/Illuminate/Database/Connectors/Connector.php(67): PDO::connect()
#1 C:/Users/mirod/Documents/Code/JetBrains/GFSDFoodDrive/vendor/laravel/framework/src/Illuminate/Database/Connectors/Connector.php(85): Illuminate/Database/Connectors/Connector->createPdoConnection()
#2 C:/Users/mirod/Documents/Code/JetBrains/GFSDFoodDrive/vendor/laravel/framework/src/Illuminate/Database/Connectors/Connector.php(48): Illuminate/Database/Connectors/Connector->tryAgainIfCausedByLostConnection()
#3 C:/Users/mirod/Documents/Code/JetBrains/GFSDFoodDrive/vendor/laravel/framework/src/Illuminate/Database/Connectors/MySqlConnector.php(24): Illuminate/Database/Connectors/Connector->createConnection()
#4 C:/Users/mirod/Documents/Code/JetBrains/GFSDFoodDrive/vendor/laravel/framework/src/Illuminate/Database/Connectors/ConnectionFactory.php(185): Illuminate/Database/Connectors/MySqlConnector->connect()
#5 [internal function]: Illuminate/Database/Connectors/ConnectionFactory->{closure:Illuminate/Database/Connectors/ConnectionFactory::createPdoResolverWithHosts():180}()
#6 C:/Users/mirod/Documents/Code/JetBrains/GFSDFoodDrive/vendor/laravel/framework/src/Illuminate/Database/Connection.php(1231): call_user_func()
#7 C:/Users/mirod/Documents/Code/JetBrains/GFSDFoodDrive/vendor/laravel/framework/src/Illuminate/Database/Connection.php(1267): Illuminate/Database/Connection->getPdo()
#8 C:/Users/mirod/Documents/Code/JetBrains/GFSDFoodDrive/vendor/laravel/framework/src/Illuminate/Database/Connection.php(512): Illuminate/Database/Connection->getReadPdo()
#9 C:/Users/mirod/Documents/Code/JetBrains/GFSDFoodDrive/vendor/laravel/framework/src/Illuminate/Database/Connection.php(407): Illuminate/Database/Connection->getPdoForSelect()
#10 C:/Users/mirod/Documents/Code/JetBrains/GFSDFoodDrive/vendor/laravel/framework/src/Illuminate/Database/Connection.php(812): Illuminate/Database/Connection->{closure:Illuminate/Database/Connection::select():398}()
#11 C:/Users/mirod/Documents/Code/JetBrains/GFSDFoodDrive/vendor/laravel/framework/src/Illuminate/Database/Connection.php(979): Illuminate/Database/Connection->runQueryCallback()
#12 C:/Users/mirod/Documents/Code/JetBrains/GFSDFoodDrive/vendor/laravel/framework/src/Illuminate/Database/Connection.php(958): Illuminate/Database/Connection->tryAgainIfCausedByLostConnection()
#13 C:/Users/mirod/Documents/Code/JetBrains/GFSDFoodDrive/vendor/laravel/framework/src/Illuminate/Database/Connection.php(781): Illuminate/Database/Connection->handleQueryException()
#14 C:/Users/mirod/Documents/Code/JetBrains/GFSDFoodDrive/vendor/laravel/framework/src/Illuminate/Database/Connection.php(398): Illuminate/Database/Connection->run()
#15 C:/Users/mirod/Documents/Code/JetBrains/GFSDFoodDrive/vendor/laravel/framework/src/Illuminate/Database/Connection.php(344): Illuminate/Database/Connection->select()
#16 C:/Users/mirod/Documents/Code/JetBrains/GFSDFoodDrive/vendor/laravel/framework/src/Illuminate/Database/Connection.php(361): Illuminate/Database/Connection->selectOne()
#17 C:/Users/mirod/Documents/Code/JetBrains/GFSDFoodDrive/vendor/laravel/framework/src/Illuminate/Database/Schema/MySqlBuilder.php(45): Illuminate/Database/Connection->scalar()
#18 C:/Users/mirod/Documents/Code/JetBrains/GFSDFoodDrive/vendor/laravel/framework/src/Illuminate/Database/Migrations/DatabaseMigrationRepository.php(184): Illuminate/Database/Schema/MySqlBuilder->hasTable()
#19 C:/Users/mirod/Documents/Code/JetBrains/GFSDFoodDrive/vendor/laravel/framework/src/Illuminate/Database/Migrations/Migrator.php(742): Illuminate/Database/Migrations/DatabaseMigrationRepository->repositoryExists()
#20 C:/Users/mirod/Documents/Code/JetBrains/GFSDFoodDrive/vendor/laravel/framework/src/Illuminate/Database/Console/Migrations/MigrateCommand.php(165): Illuminate/Database/Migrations/Migrator->repositoryExists()
#21 C:/Users/mirod/Documents/Code/JetBrains/GFSDFoodDrive/vendor/laravel/framework/src/Illuminate/Support/helpers.php(338): Illuminate/Database/Console/Migrations/MigrateCommand->{closure:Illuminate/Database/Console/Migrations/MigrateCommand::repositoryExists():165}()
#22 C:/Users/mirod/Documents/Code/JetBrains/GFSDFoodDrive/vendor/laravel/framework/src/Illuminate/Database/Console/Migrations/MigrateCommand.php(165): retry()
#23 C:/Users/mirod/Documents/Code/JetBrains/GFSDFoodDrive/vendor/laravel/framework/src/Illuminate/Database/Console/Migrations/MigrateCommand.php(141): Illuminate/Database/Console/Migrations/MigrateCommand->repositoryExists()
#24 C:/Users/mirod/Documents/Code/JetBrains/GFSDFoodDrive/vendor/laravel/framework/src/Illuminate/Database/Console/Migrations/MigrateCommand.php(111): Illuminate/Database/Console/Migrations/MigrateCommand->prepareDatabase()
#25 C:/Users/mirod/Documents/Code/JetBrains/GFSDFoodDrive/vendor/laravel/framework/src/Illuminate/Database/Migrations/Migrator.php(658): Illuminate/Database/Console/Migrations/MigrateCommand->{closure:Illuminate/Database/Console/Migrations/MigrateCommand::runMigrations():110}()
#26 C:/Users/mirod/Documents/Code/JetBrains/GFSDFoodDrive/vendor/laravel/framework/src/Illuminate/Database/Console/Migrations/MigrateCommand.php(110): Illuminate/Database/Migrations/Migrator->usingConnection()
#27 C:/Users/mirod/Documents/Code/JetBrains/GFSDFoodDrive/vendor/laravel/framework/src/Illuminate/Database/Console/Migrations/MigrateCommand.php(89): Illuminate/Database/Console/Migrations/MigrateCommand->runMigrations()
#28 C:/Users/mirod/Documents/Code/JetBrains/GFSDFoodDrive/vendor/laravel/framework/src/Illuminate/Container/BoundMethod.php(36): Illuminate/Database/Console/Migrations/MigrateCommand->handle()
#29 C:/Users/mirod/Documents/Code/JetBrains/GFSDFoodDrive/vendor/laravel/framework/src/Illuminate/Container/Util.php(43): Illuminate/Container/BoundMethod::{closure:Illuminate/Container/BoundMethod::call():35}()
#30 C:/Users/mirod/Documents/Code/JetBrains/GFSDFoodDrive/vendor/laravel/framework/src/Illuminate/Container/BoundMethod.php(95): Illuminate/Container/Util::unwrapIfClosure()
#31 C:/Users/mirod/Documents/Code/JetBrains/GFSDFoodDrive/vendor/laravel/framework/src/Illuminate/Container/BoundMethod.php(35): Illuminate/Container/BoundMethod::callBoundMethod()
#32 C:/Users/mirod/Documents/Code/JetBrains/GFSDFoodDrive/vendor/laravel/framework/src/Illuminate/Container/Container.php(696): Illuminate/Container/BoundMethod::call()
#33 C:/Users/mirod/Documents/Code/JetBrains/GFSDFoodDrive/vendor/laravel/framework/src/Illuminate/Console/Command.php(213): Illuminate/Container/Container->call()
#34 C:/Users/mirod/Documents/Code/JetBrains/GFSDFoodDrive/vendor/symfony/console/Command/Command.php(341): Illuminate/Console/Command->execute()
#35 C:/Users/mirod/Documents/Code/JetBrains/GFSDFoodDrive/vendor/laravel/framework/src/Illuminate/Console/Command.php(182): Symfony/Component/Console/Command/Command->run()
#36 C:/Users/mirod/Documents/Code/JetBrains/GFSDFoodDrive/vendor/symfony/console/Application.php(1102): Illuminate/Console/Command->run()
#37 C:/Users/mirod/Documents/Code/JetBrains/GFSDFoodDrive/vendor/symfony/console/Application.php(356): Symfony/Component/Console/Application->doRunCommand()
#38 C:/Users/mirod/Documents/Code/JetBrains/GFSDFoodDrive/vendor/symfony/console/Application.php(195): Symfony/Component/Console/Application->doRun()
#39 C:/Users/mirod/Documents/Code/JetBrains/GFSDFoodDrive/vendor/laravel/framework/src/Illuminate/Foundation/Console/Kernel.php(198): Symfony/Component/Console/Application->run()
#40 C:/Users/mirod/Documents/Code/JetBrains/GFSDFoodDrive/vendor/laravel/framework/src/Illuminate/Foundation/Application.php(1235): Illuminate/Foundation/Console/Kernel->handle()
#41 C:/Users/mirod/Documents/Code/JetBrains/GFSDFoodDrive/artisan(9): Illuminate/Foundation/Application->handleCommand()
#42 {main}
"} 
[2026-02-21 08:58:52] local.ERROR: could not find driver (Connection: sqlite, SQL: PRAGMA foreign_keys = ON;) {"exception":"[object] (Illuminate\\Database\\QueryException(code: 0): could not find driver (Connection: sqlite, SQL: PRAGMA foreign_keys = ON;) at C:/Users/mirod/Documents/Code/JetBrains/GFSDFoodDrive/vendor/laravel/framework/src/Illuminate/Database/Connection.php:825)
[stacktrace]
#0 C:/Users/mirod/Documents/Code/JetBrains/GFSDFoodDrive/vendor/laravel/framework/src/Illuminate/Database/Connection.php(779): Illuminate/Database/Connection->runQueryCallback()
#1 C:/Users/mirod/Documents/Code/JetBrains/GFSDFoodDrive/vendor/laravel/framework/src/Illuminate/Database/Connection.php(560): Illuminate/Database/Connection->run()
#2 C:/Users/mirod/Documents/Code/JetBrains/GFSDFoodDrive/vendor/laravel/framework/src/Illuminate/Database/Schema/Builder.php(522): Illuminate/Database/Connection->statement()
#3 C:/Users/mirod/Documents/Code/JetBrains/GFSDFoodDrive/vendor/laravel/framework/src/Illuminate/Database/SQLiteConnection.php(59): Illuminate/Database/Schema/Builder->enableForeignKeyConstraints()
#4 C:/Users/mirod/Documents/Code/JetBrains/GFSDFoodDrive/vendor/laravel/framework/src/Illuminate/Database/SQLiteConnection.php(28): Illuminate/Database/SQLiteConnection->configureForeignKeyConstraints()
#5 C:/Users/mirod/Documents/Code/JetBrains/GFSDFoodDrive/vendor/laravel/framework/src/Illuminate/Database/Connectors/ConnectionFactory.php(277): Illuminate/Database/SQLiteConnection->__construct()
#6 C:/Users/mirod/Documents/Code/JetBrains/GFSDFoodDrive/vendor/laravel/framework/src/Illuminate/Database/Connectors/ConnectionFactory.php(76): Illuminate/Database/Connectors/ConnectionFactory->createConnection()
#7 C:/Users/mirod/Documents/Code/JetBrains/GFSDFoodDrive/vendor/laravel/framework/src/Illuminate/Database/Connectors/ConnectionFactory.php(51): Illuminate/Database/Connectors/ConnectionFactory->createSingleConnection()
#8 C:/Users/mirod/Documents/Code/JetBrains/GFSDFoodDrive/vendor/laravel/framework/src/Illuminate/Database/DatabaseManager.php(207): Illuminate/Database/Connectors/ConnectionFactory->make()
#9 C:/Users/mirod/Documents/Code/JetBrains/GFSDFoodDrive/vendor/laravel/framework/src/Illuminate/Database/DatabaseManager.php(103): Illuminate/Database/DatabaseManager->makeConnection()
#10 C:/Users/mirod/Documents/Code/JetBrains/GFSDFoodDrive/vendor/laravel/framework/src/Illuminate/Database/Migrations/DatabaseMigrationRepository.php(226): Illuminate/Database/DatabaseManager->connection()
#11 C:/Users/mirod/Documents/Code/JetBrains/GFSDFoodDrive/vendor/laravel/framework/src/Illuminate/Database/Migrations/DatabaseMigrationRepository.php(182): Illuminate/Database/Migrations/DatabaseMigrationRepository->getConnection()
#12 C:/Users/mirod/Documents/Code/JetBrains/GFSDFoodDrive/vendor/laravel/framework/src/Illuminate/Database/Migrations/Migrator.php(742): Illuminate/Database/Migrations/DatabaseMigrationRepository->repositoryExists()
#13 C:/Users/mirod/Documents/Code/JetBrains/GFSDFoodDrive/vendor/laravel/framework/src/Illuminate/Database/Console/Migrations/MigrateCommand.php(165): Illuminate/Database/Migrations/Migrator->repositoryExists()
#14 C:/Users/mirod/Documents/Code/JetBrains/GFSDFoodDrive/vendor/laravel/framework/src/Illuminate/Support/helpers.php(338): Illuminate/Database/Console/Migrations/MigrateCommand->{closure:Illuminate/Database/Console/Migrations/MigrateCommand::repositoryExists():165}()
#15 C:/Users/mirod/Documents/Code/JetBrains/GFSDFoodDrive/vendor/laravel/framework/src/Illuminate/Database/Console/Migrations/MigrateCommand.php(165): retry()
#16 C:/Users/mirod/Documents/Code/JetBrains/GFSDFoodDrive/vendor/laravel/framework/src/Illuminate/Database/Console/Migrations/MigrateCommand.php(141): Illuminate/Database/Console/Migrations/MigrateCommand->repositoryExists()
#17 C:/Users/mirod/Documents/Code/JetBrains/GFSDFoodDrive/vendor/laravel/framework/src/Illuminate/Database/Console/Migrations/MigrateCommand.php(111): Illuminate/Database/Console/Migrations/MigrateCommand->prepareDatabase()
#18 C:/Users/mirod/Documents/Code/JetBrains/GFSDFoodDrive/vendor/laravel/framework/src/Illuminate/Database/Migrations/Migrator.php(658): Illuminate/Database/Console/Migrations/MigrateCommand->{closure:Illuminate/Database/Console/Migrations/MigrateCommand::runMigrations():110}()
#19 C:/Users/mirod/Documents/Code/JetBrains/GFSDFoodDrive/vendor/laravel/framework/src/Illuminate/Database/Console/Migrations/MigrateCommand.php(110): Illuminate/Database/Migrations/Migrator->usingConnection()
#20 C:/Users/mirod/Documents/Code/JetBrains/GFSDFoodDrive/vendor/laravel/framework/src/Illuminate/Database/Console/Migrations/MigrateCommand.php(89): Illuminate/Database/Console/Migrations/MigrateCommand->runMigrations()
#21 C:/Users/mirod/Documents/Code/JetBrains/GFSDFoodDrive/vendor/laravel/framework/src/Illuminate/Container/BoundMethod.php(36): Illuminate/Database/Console/Migrations/MigrateCommand->handle()
#22 C:/Users/mirod/Documents/Code/JetBrains/GFSDFoodDrive/vendor/laravel/framework/src/Illuminate/Container/Util.php(43): Illuminate/Container/BoundMethod::{closure:Illuminate/Container/BoundMethod::call():35}()
#23 C:/Users/mirod/Documents/Code/JetBrains/GFSDFoodDrive/vendor/laravel/framework/src/Illuminate/Container/BoundMethod.php(95): Illuminate/Container/Util::unwrapIfClosure()
#24 C:/Users/mirod/Documents/Code/JetBrains/GFSDFoodDrive/vendor/laravel/framework/src/Illuminate/Container/BoundMethod.php(35): Illuminate/Container/BoundMethod::callBoundMethod()
#25 C:/Users/mirod/Documents/Code/JetBrains/GFSDFoodDrive/vendor/laravel/framework/src/Illuminate/Container/Container.php(696): Illuminate/Container/BoundMethod::call()
#26 C:/Users/mirod/Documents/Code/JetBrains/GFSDFoodDrive/vendor/laravel/framework/src/Illuminate/Console/Command.php(213): Illuminate/Container/Container->call()
#27 C:/Users/mirod/Documents/Code/JetBrains/GFSDFoodDrive/vendor/symfony/console/Command/Command.php(341): Illuminate/Console/Command->execute()
#28 C:/Users/mirod/Documents/Code/JetBrains/GFSDFoodDrive/vendor/laravel/framework/src/Illuminate/Console/Command.php(182): Symfony/Component/Console/Command/Command->run()
#29 C:/Users/mirod/Documents/Code/JetBrains/GFSDFoodDrive/vendor/symfony/console/Application.php(1102): Illuminate/Console/Command->run()
#30 C:/Users/mirod/Documents/Code/JetBrains/GFSDFoodDrive/vendor/symfony/console/Application.php(356): Symfony/Component/Console/Application->doRunCommand()
#31 C:/Users/mirod/Documents/Code/JetBrains/GFSDFoodDrive/vendor/symfony/console/Application.php(195): Symfony/Component/Console/Application->doRun()
#32 C:/Users/mirod/Documents/Code/JetBrains/GFSDFoodDrive/vendor/laravel/framework/src/Illuminate/Foundation/Console/Kernel.php(198): Symfony/Component/Console/Application->run()
#33 C:/Users/mirod/Documents/Code/JetBrains/GFSDFoodDrive/vendor/laravel/framework/src/Illuminate/Foundation/Application.php(1235): Illuminate/Foundation/Console/Kernel->handle()
#34 C:/Users/mirod/Documents/Code/JetBrains/GFSDFoodDrive/artisan(9): Illuminate/Foundation/Application->handleCommand()
#35 {main}

[previous exception] [object] (PDOException(code: 0): could not find driver at C:/Users/mirod/Documents/Code/JetBrains/GFSDFoodDrive/vendor/laravel/framework/src/Illuminate/Database/Connectors/Connector.php:67)
[stacktrace]
#0 C:/Users/mirod/Documents/Code/JetBrains/GFSDFoodDrive/vendor/laravel/framework/src/Illuminate/Database/Connectors/Connector.php(67): PDO::connect()
#1 C:/Users/mirod/Documents/Code/JetBrains/GFSDFoodDrive/vendor/laravel/framework/src/Illuminate/Database/Connectors/Connector.php(44): Illuminate/Database/Connectors/Connector->createPdoConnection()
#2 C:/Users/mirod/Documents/Code/JetBrains/GFSDFoodDrive/vendor/laravel/framework/src/Illuminate/Database/Connectors/SQLiteConnector.php(40): Illuminate/Database/Connectors/Connector->createConnection()
#3 C:/Users/mirod/Documents/Code/JetBrains/GFSDFoodDrive/vendor/laravel/framework/src/Illuminate/Database/Connectors/ConnectionFactory.php(224): Illuminate/Database/Connectors/SQLiteConnector->connect()
#4 [internal function]: Illuminate/Database/Connectors/ConnectionFactory->{closure:Illuminate/Database/Connectors/ConnectionFactory::createPdoResolverWithoutHosts():224}()
#5 C:/Users/mirod/Documents/Code/JetBrains/GFSDFoodDrive/vendor/laravel/framework/src/Illuminate/Database/Connection.php(1231): call_user_func()
#6 C:/Users/mirod/Documents/Code/JetBrains/GFSDFoodDrive/vendor/laravel/framework/src/Illuminate/Database/Connection.php(565): Illuminate/Database/Connection->getPdo()
#7 C:/Users/mirod/Documents/Code/JetBrains/GFSDFoodDrive/vendor/laravel/framework/src/Illuminate/Database/Connection.php(812): Illuminate/Database/Connection->{closure:Illuminate/Database/Connection::statement():560}()
#8 C:/Users/mirod/Documents/Code/JetBrains/GFSDFoodDrive/vendor/laravel/framework/src/Illuminate/Database/Connection.php(779): Illuminate/Database/Connection->runQueryCallback()
#9 C:/Users/mirod/Documents/Code/JetBrains/GFSDFoodDrive/vendor/laravel/framework/src/Illuminate/Database/Connection.php(560): Illuminate/Database/Connection->run()
#10 C:/Users/mirod/Documents/Code/JetBrains/GFSDFoodDrive/vendor/laravel/framework/src/Illuminate/Database/Schema/Builder.php(522): Illuminate/Database/Connection->statement()
#11 C:/Users/mirod/Documents/Code/JetBrains/GFSDFoodDrive/vendor/laravel/framework/src/Illuminate/Database/SQLiteConnection.php(59): Illuminate/Database/Schema/Builder->enableForeignKeyConstraints()
#12 C:/Users/mirod/Documents/Code/JetBrains/GFSDFoodDrive/vendor/laravel/framework/src/Illuminate/Database/SQLiteConnection.php(28): Illuminate/Database/SQLiteConnection->configureForeignKeyConstraints()
#13 C:/Users/mirod/Documents/Code/JetBrains/GFSDFoodDrive/vendor/laravel/framework/src/Illuminate/Database/Connectors/ConnectionFactory.php(277): Illuminate/Database/SQLiteConnection->__construct()
#14 C:/Users/mirod/Documents/Code/JetBrains/GFSDFoodDrive/vendor/laravel/framework/src/Illuminate/Database/Connectors/ConnectionFactory.php(76): Illuminate/Database/Connectors/ConnectionFactory->createConnection()
#15 C:/Users/mirod/Documents/Code/JetBrains/GFSDFoodDrive/vendor/laravel/framework/src/Illuminate/Database/Connectors/ConnectionFactory.php(51): Illuminate/Database/Connectors/ConnectionFactory->createSingleConnection()
#16 C:/Users/mirod/Documents/Code/JetBrains/GFSDFoodDrive/vendor/laravel/framework/src/Illuminate/Database/DatabaseManager.php(207): Illuminate/Database/Connectors/ConnectionFactory->make()
#17 C:/Users/mirod/Documents/Code/JetBrains/GFSDFoodDrive/vendor/laravel/framework/src/Illuminate/Database/DatabaseManager.php(103): Illuminate/Database/DatabaseManager->makeConnection()
#18 C:/Users/mirod/Documents/Code/JetBrains/GFSDFoodDrive/vendor/laravel/framework/src/Illuminate/Database/Migrations/DatabaseMigrationRepository.php(226): Illuminate/Database/DatabaseManager->connection()
#19 C:/Users/mirod/Documents/Code/JetBrains/GFSDFoodDrive/vendor/laravel/framework/src/Illuminate/Database/Migrations/DatabaseMigrationRepository.php(182): Illuminate/Database/Migrations/DatabaseMigrationRepository->getConnection()
#20 C:/Users/mirod/Documents/Code/JetBrains/GFSDFoodDrive/vendor/laravel/framework/src/Illuminate/Database/Migrations/Migrator.php(742): Illuminate/Database/Migrations/DatabaseMigrationRepository->repositoryExists()
#21 C:/Users/mirod/Documents/Code/JetBrains/GFSDFoodDrive/vendor/laravel/framework/src/Illuminate/Database/Console/Migrations/MigrateCommand.php(165): Illuminate/Database/Migrations/Migrator->repositoryExists()
#22 C:/Users/mirod/Documents/Code/JetBrains/GFSDFoodDrive/vendor/laravel/framework/src/Illuminate/Support/helpers.php(338): Illuminate/Database/Console/Migrations/MigrateCommand->{closure:Illuminate/Database/Console/Migrations/MigrateCommand::repositoryExists():165}()
#23 C:/Users/mirod/Documents/Code/JetBrains/GFSDFoodDrive/vendor/laravel/framework/src/Illuminate/Database/Console/Migrations/MigrateCommand.php(165): retry()
#24 C:/Users/mirod/Documents/Code/JetBrains/GFSDFoodDrive/vendor/laravel/framework/src/Illuminate/Database/Console/Migrations/MigrateCommand.php(141): Illuminate/Database/Console/Migrations/MigrateCommand->repositoryExists()
#25 C:/Users/mirod/Documents/Code/JetBrains/GFSDFoodDrive/vendor/laravel/framework/src/Illuminate/Database/Console/Migrations/MigrateCommand.php(111): Illuminate/Database/Console/Migrations/MigrateCommand->prepareDatabase()
#26 C:/Users/mirod/Documents/Code/JetBrains/GFSDFoodDrive/vendor/laravel/framework/src/Illuminate/Database/Migrations/Migrator.php(658): Illuminate/Database/Console/Migrations/MigrateCommand->{closure:Illuminate/Database/Console/Migrations/MigrateCommand::runMigrations():110}()
#27 C:/Users/mirod/Documents/Code/JetBrains/GFSDFoodDrive/vendor/laravel/framework/src/Illuminate/Database/Console/Migrations/MigrateCommand.php(110): Illuminate/Database/Migrations/Migrator->usingConnection()
#28 C:/Users/mirod/Documents/Code/JetBrains/GFSDFoodDrive/vendor/laravel/framework/src/Illuminate/Database/Console/Migrations/MigrateCommand.php(89): Illuminate/Database/Console/Migrations/MigrateCommand->runMigrations()
#29 C:/Users/mirod/Documents/Code/JetBrains/GFSDFoodDrive/vendor/laravel/framework/src/Illuminate/Container/BoundMethod.php(36): Illuminate/Database/Console/Migrations/MigrateCommand->handle()
#30 C:/Users/mirod/Documents/Code/JetBrains/GFSDFoodDrive/vendor/laravel/framework/src/Illuminate/Container/Util.php(43): Illuminate/Container/BoundMethod::{closure:Illuminate/Container/BoundMethod::call():35}()
#31 C:/Users/mirod/Documents/Code/JetBrains/GFSDFoodDrive/vendor/laravel/framework/src/Illuminate/Container/BoundMethod.php(95): Illuminate/Container/Util::unwrapIfClosure()
#32 C:/Users/mirod/Documents/Code/JetBrains/GFSDFoodDrive/vendor/laravel/framework/src/Illuminate/Container/BoundMethod.php(35): Illuminate/Container/BoundMethod::callBoundMethod()
#33 C:/Users/mirod/Documents/Code/JetBrains/GFSDFoodDrive/vendor/laravel/framework/src/Illuminate/Container/Container.php(696): Illuminate/Container/BoundMethod::call()
#34 C:/Users/mirod/Documents/Code/JetBrains/GFSDFoodDrive/vendor/laravel/framework/src/Illuminate/Console/Command.php(213): Illuminate/Container/Container->call()
#35 C:/Users/mirod/Documents/Code/JetBrains/GFSDFoodDrive/vendor/symfony/console/Command/Command.php(341): Illuminate/Console/Command->execute()
#36 C:/Users/mirod/Documents/Code/JetBrains/GFSDFoodDrive/vendor/laravel/framework/src/Illuminate/Console/Command.php(182): Symfony/Component/Console/Command/Command->run()
#37 C:/Users/mirod/Documents/Code/JetBrains/GFSDFoodDrive/vendor/symfony/console/Application.php(1102): Illuminate/Console/Command->run()
#38 C:/Users/mirod/Documents/Code/JetBrains/GFSDFoodDrive/vendor/symfony/console/Application.php(356): Symfony/Component/Console/Application->doRunCommand()
#39 C:/Users/mirod/Documents/Code/JetBrains/GFSDFoodDrive/vendor/symfony/console/Application.php(195): Symfony/Component/Console/Application->doRun()
#40 C:/Users/mirod/Documents/Code/JetBrains/GFSDFoodDrive/vendor/laravel/framework/src/Illuminate/Foundation/Console/Kernel.php(198): Symfony/Component/Console/Application->run()
#41 C:/Users/mirod/Documents/Code/JetBrains/GFSDFoodDrive/vendor/laravel/framework/src/Illuminate/Foundation/Application.php(1235): Illuminate/Foundation/Console/Kernel->handle()
#42 C:/Users/mirod/Documents/Code/JetBrains/GFSDFoodDrive/artisan(9): Illuminate/Foundation/Application->handleCommand()
#43 {main}
"} 
[2026-02-21 08:59:36] local.ERROR: could not find driver (Connection: sqlite, SQL: PRAGMA foreign_keys = ON;) {"exception":"[object] (Illuminate\\Database\\QueryException(code: 0): could not find driver (Connection: sqlite, SQL: PRAGMA foreign_keys = ON;) at C:/Users/mirod/Documents/Code/JetBrains/GFSDFoodDrive/vendor/laravel/framework/src/Illuminate/Database/Connection.php:825)
[stacktrace]
#0 C:/Users/mirod/Documents/Code/JetBrains/GFSDFoodDrive/vendor/laravel/framework/src/Illuminate/Database/Connection.php(779): Illuminate/Database/Connection->runQueryCallback()
#1 C:/Users/mirod/Documents/Code/JetBrains/GFSDFoodDrive/vendor/laravel/framework/src/Illuminate/Database/Connection.php(560): Illuminate/Database/Connection->run()
#2 C:/Users/mirod/Documents/Code/JetBrains/GFSDFoodDrive/vendor/laravel/framework/src/Illuminate/Database/Schema/Builder.php(522): Illuminate/Database/Connection->statement()
#3 C:/Users/mirod/Documents/Code/JetBrains/GFSDFoodDrive/vendor/laravel/framework/src/Illuminate/Database/SQLiteConnection.php(59): Illuminate/Database/Schema/Builder->enableForeignKeyConstraints()
#4 C:/Users/mirod/Documents/Code/JetBrains/GFSDFoodDrive/vendor/laravel/framework/src/Illuminate/Database/SQLiteConnection.php(28): Illuminate/Database/SQLiteConnection->configureForeignKeyConstraints()
#5 C:/Users/mirod/Documents/Code/JetBrains/GFSDFoodDrive/vendor/laravel/framework/src/Illuminate/Database/Connectors/ConnectionFactory.php(277): Illuminate/Database/SQLiteConnection->__construct()
#6 C:/Users/mirod/Documents/Code/JetBrains/GFSDFoodDrive/vendor/laravel/framework/src/Illuminate/Database/Connectors/ConnectionFactory.php(76): Illuminate/Database/Connectors/ConnectionFactory->createConnection()
#7 C:/Users/mirod/Documents/Code/JetBrains/GFSDFoodDrive/vendor/laravel/framework/src/Illuminate/Database/Connectors/ConnectionFactory.php(51): Illuminate/Database/Connectors/ConnectionFactory->createSingleConnection()
#8 C:/Users/mirod/Documents/Code/JetBrains/GFSDFoodDrive/vendor/laravel/framework/src/Illuminate/Database/DatabaseManager.php(207): Illuminate/Database/Connectors/ConnectionFactory->make()
#9 C:/Users/mirod/Documents/Code/JetBrains/GFSDFoodDrive/vendor/laravel/framework/src/Illuminate/Database/DatabaseManager.php(103): Illuminate/Database/DatabaseManager->makeConnection()
#10 C:/Users/mirod/Documents/Code/JetBrains/GFSDFoodDrive/vendor/laravel/framework/src/Illuminate/Database/Migrations/DatabaseMigrationRepository.php(226): Illuminate/Database/DatabaseManager->connection()
#11 C:/Users/mirod/Documents/Code/JetBrains/GFSDFoodDrive/vendor/laravel/framework/src/Illuminate/Database/Migrations/DatabaseMigrationRepository.php(182): Illuminate/Database/Migrations/DatabaseMigrationRepository->getConnection()
#12 C:/Users/mirod/Documents/Code/JetBrains/GFSDFoodDrive/vendor/laravel/framework/src/Illuminate/Database/Migrations/Migrator.php(742): Illuminate/Database/Migrations/DatabaseMigrationRepository->repositoryExists()
#13 C:/Users/mirod/Documents/Code/JetBrains/GFSDFoodDrive/vendor/laravel/framework/src/Illuminate/Database/Console/Migrations/MigrateCommand.php(165): Illuminate/Database/Migrations/Migrator->repositoryExists()
#14 C:/Users/mirod/Documents/Code/JetBrains/GFSDFoodDrive/vendor/laravel/framework/src/Illuminate/Support/helpers.php(338): Illuminate/Database/Console/Migrations/MigrateCommand->{closure:Illuminate/Database/Console/Migrations/MigrateCommand::repositoryExists():165}()
#15 C:/Users/mirod/Documents/Code/JetBrains/GFSDFoodDrive/vendor/laravel/framework/src/Illuminate/Database/Console/Migrations/MigrateCommand.php(165): retry()
#16 C:/Users/mirod/Documents/Code/JetBrains/GFSDFoodDrive/vendor/laravel/framework/src/Illuminate/Database/Console/Migrations/MigrateCommand.php(141): Illuminate/Database/Console/Migrations/MigrateCommand->repositoryExists()
#17 C:/Users/mirod/Documents/Code/JetBrains/GFSDFoodDrive/vendor/laravel/framework/src/Illuminate/Database/Console/Migrations/MigrateCommand.php(111): Illuminate/Database/Console/Migrations/MigrateCommand->prepareDatabase()
#18 C:/Users/mirod/Documents/Code/JetBrains/GFSDFoodDrive/vendor/laravel/framework/src/Illuminate/Database/Migrations/Migrator.php(658): Illuminate/Database/Console/Migrations/MigrateCommand->{closure:Illuminate/Database/Console/Migrations/MigrateCommand::runMigrations():110}()
#19 C:/Users/mirod/Documents/Code/JetBrains/GFSDFoodDrive/vendor/laravel/framework/src/Illuminate/Database/Console/Migrations/MigrateCommand.php(110): Illuminate/Database/Migrations/Migrator->usingConnection()
#20 C:/Users/mirod/Documents/Code/JetBrains/GFSDFoodDrive/vendor/laravel/framework/src/Illuminate/Database/Console/Migrations/MigrateCommand.php(89): Illuminate/Database/Console/Migrations/MigrateCommand->runMigrations()
#21 C:/Users/mirod/Documents/Code/JetBrains/GFSDFoodDrive/vendor/laravel/framework/src/Illuminate/Container/BoundMethod.php(36): Illuminate/Database/Console/Migrations/MigrateCommand->handle()
#22 C:/Users/mirod/Documents/Code/JetBrains/GFSDFoodDrive/vendor/laravel/framework/src/Illuminate/Container/Util.php(43): Illuminate/Container/BoundMethod::{closure:Illuminate/Container/BoundMethod::call():35}()
#23 C:/Users/mirod/Documents/Code/JetBrains/GFSDFoodDrive/vendor/laravel/framework/src/Illuminate/Container/BoundMethod.php(95): Illuminate/Container/Util::unwrapIfClosure()
#24 C:/Users/mirod/Documents/Code/JetBrains/GFSDFoodDrive/vendor/laravel/framework/src/Illuminate/Container/BoundMethod.php(35): Illuminate/Container/BoundMethod::callBoundMethod()
#25 C:/Users/mirod/Documents/Code/JetBrains/GFSDFoodDrive/vendor/laravel/framework/src/Illuminate/Container/Container.php(696): Illuminate/Container/BoundMethod::call()
#26 C:/Users/mirod/Documents/Code/JetBrains/GFSDFoodDrive/vendor/laravel/framework/src/Illuminate/Console/Command.php(213): Illuminate/Container/Container->call()
#27 C:/Users/mirod/Documents/Code/JetBrains/GFSDFoodDrive/vendor/symfony/console/Command/Command.php(341): Illuminate/Console/Command->execute()
#28 C:/Users/mirod/Documents/Code/JetBrains/GFSDFoodDrive/vendor/laravel/framework/src/Illuminate/Console/Command.php(182): Symfony/Component/Console/Command/Command->run()
#29 C:/Users/mirod/Documents/Code/JetBrains/GFSDFoodDrive/vendor/symfony/console/Application.php(1102): Illuminate/Console/Command->run()
#30 C:/Users/mirod/Documents/Code/JetBrains/GFSDFoodDrive/vendor/symfony/console/Application.php(356): Symfony/Component/Console/Application->doRunCommand()
#31 C:/Users/mirod/Documents/Code/JetBrains/GFSDFoodDrive/vendor/symfony/console/Application.php(195): Symfony/Component/Console/Application->doRun()
#32 C:/Users/mirod/Documents/Code/JetBrains/GFSDFoodDrive/vendor/laravel/framework/src/Illuminate/Foundation/Console/Kernel.php(198): Symfony/Component/Console/Application->run()
#33 C:/Users/mirod/Documents/Code/JetBrains/GFSDFoodDrive/vendor/laravel/framework/src/Illuminate/Foundation/Application.php(1235): Illuminate/Foundation/Console/Kernel->handle()
#34 C:/Users/mirod/Documents/Code/JetBrains/GFSDFoodDrive/artisan(9): Illuminate/Foundation/Application->handleCommand()
#35 {main}

[previous exception] [object] (PDOException(code: 0): could not find driver at C:/Users/mirod/Documents/Code/JetBrains/GFSDFoodDrive/vendor/laravel/framework/src/Illuminate/Database/Connectors/Connector.php:67)
[stacktrace]
#0 C:/Users/mirod/Documents/Code/JetBrains/GFSDFoodDrive/vendor/laravel/framework/src/Illuminate/Database/Connectors/Connector.php(67): PDO::connect()
#1 C:/Users/mirod/Documents/Code/JetBrains/GFSDFoodDrive/vendor/laravel/framework/src/Illuminate/Database/Connectors/Connector.php(44): Illuminate/Database/Connectors/Connector->createPdoConnection()
#2 C:/Users/mirod/Documents/Code/JetBrains/GFSDFoodDrive/vendor/laravel/framework/src/Illuminate/Database/Connectors/SQLiteConnector.php(40): Illuminate/Database/Connectors/Connector->createConnection()
#3 C:/Users/mirod/Documents/Code/JetBrains/GFSDFoodDrive/vendor/laravel/framework/src/Illuminate/Database/Connectors/ConnectionFactory.php(224): Illuminate/Database/Connectors/SQLiteConnector->connect()
#4 [internal function]: Illuminate/Database/Connectors/ConnectionFactory->{closure:Illuminate/Database/Connectors/ConnectionFactory::createPdoResolverWithoutHosts():224}()
#5 C:/Users/mirod/Documents/Code/JetBrains/GFSDFoodDrive/vendor/laravel/framework/src/Illuminate/Database/Connection.php(1231): call_user_func()
#6 C:/Users/mirod/Documents/Code/JetBrains/GFSDFoodDrive/vendor/laravel/framework/src/Illuminate/Database/Connection.php(565): Illuminate/Database/Connection->getPdo()
#7 C:/Users/mirod/Documents/Code/JetBrains/GFSDFoodDrive/vendor/laravel/framework/src/Illuminate/Database/Connection.php(812): Illuminate/Database/Connection->{closure:Illuminate/Database/Connection::statement():560}()
#8 C:/Users/mirod/Documents/Code/JetBrains/GFSDFoodDrive/vendor/laravel/framework/src/Illuminate/Database/Connection.php(779): Illuminate/Database/Connection->runQueryCallback()
#9 C:/Users/mirod/Documents/Code/JetBrains/GFSDFoodDrive/vendor/laravel/framework/src/Illuminate/Database/Connection.php(560): Illuminate/Database/Connection->run()
#10 C:/Users/mirod/Documents/Code/JetBrains/GFSDFoodDrive/vendor/laravel/framework/src/Illuminate/Database/Schema/Builder.php(522): Illuminate/Database/Connection->statement()
#11 C:/Users/mirod/Documents/Code/JetBrains/GFSDFoodDrive/vendor/laravel/framework/src/Illuminate/Database/SQLiteConnection.php(59): Illuminate/Database/Schema/Builder->enableForeignKeyConstraints()
#12 C:/Users/mirod/Documents/Code/JetBrains/GFSDFoodDrive/vendor/laravel/framework/src/Illuminate/Database/SQLiteConnection.php(28): Illuminate/Database/SQLiteConnection->configureForeignKeyConstraints()
#13 C:/Users/mirod/Documents/Code/JetBrains/GFSDFoodDrive/vendor/laravel/framework/src/Illuminate/Database/Connectors/ConnectionFactory.php(277): Illuminate/Database/SQLiteConnection->__construct()
#14 C:/Users/mirod/Documents/Code/JetBrains/GFSDFoodDrive/vendor/laravel/framework/src/Illuminate/Database/Connectors/ConnectionFactory.php(76): Illuminate/Database/Connectors/ConnectionFactory->createConnection()
#15 C:/Users/mirod/Documents/Code/JetBrains/GFSDFoodDrive/vendor/laravel/framework/src/Illuminate/Database/Connectors/ConnectionFactory.php(51): Illuminate/Database/Connectors/ConnectionFactory->createSingleConnection()
#16 C:/Users/mirod/Documents/Code/JetBrains/GFSDFoodDrive/vendor/laravel/framework/src/Illuminate/Database/DatabaseManager.php(207): Illuminate/Database/Connectors/ConnectionFactory->make()
#17 C:/Users/mirod/Documents/Code/JetBrains/GFSDFoodDrive/vendor/laravel/framework/src/Illuminate/Database/DatabaseManager.php(103): Illuminate/Database/DatabaseManager->makeConnection()
#18 C:/Users/mirod/Documents/Code/JetBrains/GFSDFoodDrive/vendor/laravel/framework/src/Illuminate/Database/Migrations/DatabaseMigrationRepository.php(226): Illuminate/Database/DatabaseManager->connection()
#19 C:/Users/mirod/Documents/Code/JetBrains/GFSDFoodDrive/vendor/laravel/framework/src/Illuminate/Database/Migrations/DatabaseMigrationRepository.php(182): Illuminate/Database/Migrations/DatabaseMigrationRepository->getConnection()
#20 C:/Users/mirod/Documents/Code/JetBrains/GFSDFoodDrive/vendor/laravel/framework/src/Illuminate/Database/Migrations/Migrator.php(742): Illuminate/Database/Migrations/DatabaseMigrationRepository->repositoryExists()
#21 C:/Users/mirod/Documents/Code/JetBrains/GFSDFoodDrive/vendor/laravel/framework/src/Illuminate/Database/Console/Migrations/MigrateCommand.php(165): Illuminate/Database/Migrations/Migrator->repositoryExists()
#22 C:/Users/mirod/Documents/Code/JetBrains/GFSDFoodDrive/vendor/laravel/framework/src/Illuminate/Support/helpers.php(338): Illuminate/Database/Console/Migrations/MigrateCommand->{closure:Illuminate/Database/Console/Migrations/MigrateCommand::repositoryExists():165}()
#23 C:/Users/mirod/Documents/Code/JetBrains/GFSDFoodDrive/vendor/laravel/framework/src/Illuminate/Database/Console/Migrations/MigrateCommand.php(165): retry()
#24 C:/Users/mirod/Documents/Code/JetBrains/GFSDFoodDrive/vendor/laravel/framework/src/Illuminate/Database/Console/Migrations/MigrateCommand.php(141): Illuminate/Database/Console/Migrations/MigrateCommand->repositoryExists()
#25 C:/Users/mirod/Documents/Code/JetBrains/GFSDFoodDrive/vendor/laravel/framework/src/Illuminate/Database/Console/Migrations/MigrateCommand.php(111): Illuminate/Database/Console/Migrations/MigrateCommand->prepareDatabase()
#26 C:/Users/mirod/Documents/Code/JetBrains/GFSDFoodDrive/vendor/laravel/framework/src/Illuminate/Database/Migrations/Migrator.php(658): Illuminate/Database/Console/Migrations/MigrateCommand->{closure:Illuminate/Database/Console/Migrations/MigrateCommand::runMigrations():110}()
#27 C:/Users/mirod/Documents/Code/JetBrains/GFSDFoodDrive/vendor/laravel/framework/src/Illuminate/Database/Console/Migrations/MigrateCommand.php(110): Illuminate/Database/Migrations/Migrator->usingConnection()
#28 C:/Users/mirod/Documents/Code/JetBrains/GFSDFoodDrive/vendor/laravel/framework/src/Illuminate/Database/Console/Migrations/MigrateCommand.php(89): Illuminate/Database/Console/Migrations/MigrateCommand->runMigrations()
#29 C:/Users/mirod/Documents/Code/JetBrains/GFSDFoodDrive/vendor/laravel/framework/src/Illuminate/Container/BoundMethod.php(36): Illuminate/Database/Console/Migrations/MigrateCommand->handle()
#30 C:/Users/mirod/Documents/Code/JetBrains/GFSDFoodDrive/vendor/laravel/framework/src/Illuminate/Container/Util.php(43): Illuminate/Container/BoundMethod::{closure:Illuminate/Container/BoundMethod::call():35}()
#31 C:/Users/mirod/Documents/Code/JetBrains/GFSDFoodDrive/vendor/laravel/framework/src/Illuminate/Container/BoundMethod.php(95): Illuminate/Container/Util::unwrapIfClosure()
#32 C:/Users/mirod/Documents/Code/JetBrains/GFSDFoodDrive/vendor/laravel/framework/src/Illuminate/Container/BoundMethod.php(35): Illuminate/Container/BoundMethod::callBoundMethod()
#33 C:/Users/mirod/Documents/Code/JetBrains/GFSDFoodDrive/vendor/laravel/framework/src/Illuminate/Container/Container.php(696): Illuminate/Container/BoundMethod::call()
#34 C:/Users/mirod/Documents/Code/JetBrains/GFSDFoodDrive/vendor/laravel/framework/src/Illuminate/Console/Command.php(213): Illuminate/Container/Container->call()
#35 C:/Users/mirod/Documents/Code/JetBrains/GFSDFoodDrive/vendor/symfony/console/Command/Command.php(341): Illuminate/Console/Command->execute()
#36 C:/Users/mirod/Documents/Code/JetBrains/GFSDFoodDrive/vendor/laravel/framework/src/Illuminate/Console/Command.php(182): Symfony/Component/Console/Command/Command->run()
#37 C:/Users/mirod/Documents/Code/JetBrains/GFSDFoodDrive/vendor/symfony/console/Application.php(1102): Illuminate/Console/Command->run()
#38 C:/Users/mirod/Documents/Code/JetBrains/GFSDFoodDrive/vendor/symfony/console/Application.php(356): Symfony/Component/Console/Application->doRunCommand()
#39 C:/Users/mirod/Documents/Code/JetBrains/GFSDFoodDrive/vendor/symfony/console/Application.php(195): Symfony/Component/Console/Application->doRun()
#40 C:/Users/mirod/Documents/Code/JetBrains/GFSDFoodDrive/vendor/laravel/framework/src/Illuminate/Foundation/Console/Kernel.php(198): Symfony/Component/Console/Application->run()
#41 C:/Users/mirod/Documents/Code/JetBrains/GFSDFoodDrive/vendor/laravel/framework/src/Illuminate/Foundation/Application.php(1235): Illuminate/Foundation/Console/Kernel->handle()
#42 C:/Users/mirod/Documents/Code/JetBrains/GFSDFoodDrive/artisan(9): Illuminate/Foundation/Application->handleCommand()
#43 {main}
"} 
[2026-02-21 09:01:15] local.ERROR: SQLSTATE[HY000] [2002] No connection could be made because the target machine actively refused it (Connection: legacy, SQL: select * from `tblUser`) {"exception":"[object] (Illuminate\\Database\\QueryException(code: 2002): SQLSTATE[HY000] [2002] No connection could be made because the target machine actively refused it (Connection: legacy, SQL: select * from `tblUser`) at C:/Users/mirod/Documents/Code/JetBrains/GFSDFoodDrive/vendor/laravel/framework/src/Illuminate/Database/Connection.php:825)
[stacktrace]
#0 C:/Users/mirod/Documents/Code/JetBrains/GFSDFoodDrive/vendor/laravel/framework/src/Illuminate/Database/Connection.php(979): Illuminate/Database/Connection->runQueryCallback()
#1 C:/Users/mirod/Documents/Code/JetBrains/GFSDFoodDrive/vendor/laravel/framework/src/Illuminate/Database/Connection.php(958): Illuminate/Database/Connection->tryAgainIfCausedByLostConnection()
#2 C:/Users/mirod/Documents/Code/JetBrains/GFSDFoodDrive/vendor/laravel/framework/src/Illuminate/Database/Connection.php(781): Illuminate/Database/Connection->handleQueryException()
#3 C:/Users/mirod/Documents/Code/JetBrains/GFSDFoodDrive/vendor/laravel/framework/src/Illuminate/Database/Connection.php(398): Illuminate/Database/Connection->run()
#4 C:/Users/mirod/Documents/Code/JetBrains/GFSDFoodDrive/vendor/laravel/framework/src/Illuminate/Database/Query/Builder.php(3106): Illuminate/Database/Connection->select()
#5 C:/Users/mirod/Documents/Code/JetBrains/GFSDFoodDrive/vendor/laravel/framework/src/Illuminate/Database/Query/Builder.php(3091): Illuminate/Database/Query/Builder->runSelect()
#6 C:/Users/mirod/Documents/Code/JetBrains/GFSDFoodDrive/vendor/laravel/framework/src/Illuminate/Database/Query/Builder.php(3676): Illuminate/Database/Query/Builder->{closure:Illuminate/Database/Query/Builder::get():3090}()
#7 C:/Users/mirod/Documents/Code/JetBrains/GFSDFoodDrive/vendor/laravel/framework/src/Illuminate/Database/Query/Builder.php(3090): Illuminate/Database/Query/Builder->onceWithColumns()
#8 C:/Users/mirod/Documents/Code/JetBrains/GFSDFoodDrive/database/seeders/LegacyDataSeeder.php(32): Illuminate/Database/Query/Builder->get()
#9 C:/Users/mirod/Documents/Code/JetBrains/GFSDFoodDrive/database/seeders/LegacyDataSeeder.php(23): Database/Seeders/LegacyDataSeeder->migrateUsers()
#10 C:/Users/mirod/Documents/Code/JetBrains/GFSDFoodDrive/vendor/laravel/framework/src/Illuminate/Container/BoundMethod.php(36): Database/Seeders/LegacyDataSeeder->run()
#11 C:/Users/mirod/Documents/Code/JetBrains/GFSDFoodDrive/vendor/laravel/framework/src/Illuminate/Container/Util.php(43): Illuminate/Container/BoundMethod::{closure:Illuminate/Container/BoundMethod::call():35}()
#12 C:/Users/mirod/Documents/Code/JetBrains/GFSDFoodDrive/vendor/laravel/framework/src/Illuminate/Container/BoundMethod.php(95): Illuminate/Container/Util::unwrapIfClosure()
#13 C:/Users/mirod/Documents/Code/JetBrains/GFSDFoodDrive/vendor/laravel/framework/src/Illuminate/Container/BoundMethod.php(35): Illuminate/Container/BoundMethod::callBoundMethod()
#14 C:/Users/mirod/Documents/Code/JetBrains/GFSDFoodDrive/vendor/laravel/framework/src/Illuminate/Container/Container.php(696): Illuminate/Container/BoundMethod::call()
#15 C:/Users/mirod/Documents/Code/JetBrains/GFSDFoodDrive/vendor/laravel/framework/src/Illuminate/Database/Seeder.php(188): Illuminate/Container/Container->call()
#16 C:/Users/mirod/Documents/Code/JetBrains/GFSDFoodDrive/vendor/laravel/framework/src/Illuminate/Database/Seeder.php(197): Illuminate/Database/Seeder->{closure:Illuminate/Database/Seeder::__invoke():187}()
#17 C:/Users/mirod/Documents/Code/JetBrains/GFSDFoodDrive/vendor/laravel/framework/src/Illuminate/Database/Console/Seeds/SeedCommand.php(70): Illuminate/Database/Seeder->__invoke()
#18 C:/Users/mirod/Documents/Code/JetBrains/GFSDFoodDrive/vendor/laravel/framework/src/Illuminate/Database/Eloquent/Concerns/GuardsAttributes.php(155): Illuminate/Database/Console/Seeds/SeedCommand->{closure:Illuminate/Database/Console/Seeds/SeedCommand::handle():69}()
#19 C:/Users/mirod/Documents/Code/JetBrains/GFSDFoodDrive/vendor/laravel/framework/src/Illuminate/Database/Console/Seeds/SeedCommand.php(69): Illuminate/Database/Eloquent/Model::unguarded()
#20 C:/Users/mirod/Documents/Code/JetBrains/GFSDFoodDrive/vendor/laravel/framework/src/Illuminate/Container/BoundMethod.php(36): Illuminate/Database/Console/Seeds/SeedCommand->handle()
#21 C:/Users/mirod/Documents/Code/JetBrains/GFSDFoodDrive/vendor/laravel/framework/src/Illuminate/Container/Util.php(43): Illuminate/Container/BoundMethod::{closure:Illuminate/Container/BoundMethod::call():35}()
#22 C:/Users/mirod/Documents/Code/JetBrains/GFSDFoodDrive/vendor/laravel/framework/src/Illuminate/Container/BoundMethod.php(95): Illuminate/Container/Util::unwrapIfClosure()
#23 C:/Users/mirod/Documents/Code/JetBrains/GFSDFoodDrive/vendor/laravel/framework/src/Illuminate/Container/BoundMethod.php(35): Illuminate/Container/BoundMethod::callBoundMethod()
#24 C:/Users/mirod/Documents/Code/JetBrains/GFSDFoodDrive/vendor/laravel/framework/src/Illuminate/Container/Container.php(696): Illuminate/Container/BoundMethod::call()
#25 C:/Users/mirod/Documents/Code/JetBrains/GFSDFoodDrive/vendor/laravel/framework/src/Illuminate/Console/Command.php(213): Illuminate/Container/Container->call()
#26 C:/Users/mirod/Documents/Code/JetBrains/GFSDFoodDrive/vendor/symfony/console/Command/Command.php(341): Illuminate/Console/Command->execute()
#27 C:/Users/mirod/Documents/Code/JetBrains/GFSDFoodDrive/vendor/laravel/framework/src/Illuminate/Console/Command.php(182): Symfony/Component/Console/Command/Command->run()
#28 C:/Users/mirod/Documents/Code/JetBrains/GFSDFoodDrive/vendor/symfony/console/Application.php(1102): Illuminate/Console/Command->run()
#29 C:/Users/mirod/Documents/Code/JetBrains/GFSDFoodDrive/vendor/symfony/console/Application.php(356): Symfony/Component/Console/Application->doRunCommand()
#30 C:/Users/mirod/Documents/Code/JetBrains/GFSDFoodDrive/vendor/symfony/console/Application.php(195): Symfony/Component/Console/Application->doRun()
#31 C:/Users/mirod/Documents/Code/JetBrains/GFSDFoodDrive/vendor/laravel/framework/src/Illuminate/Foundation/Console/Kernel.php(198): Symfony/Component/Console/Application->run()
#32 C:/Users/mirod/Documents/Code/JetBrains/GFSDFoodDrive/vendor/laravel/framework/src/Illuminate/Foundation/Application.php(1235): Illuminate/Foundation/Console/Kernel->handle()
#33 C:/Users/mirod/Documents/Code/JetBrains/GFSDFoodDrive/artisan(9): Illuminate/Foundation/Application->handleCommand()
#34 {main}

[previous exception] [object] (PDOException(code: 2002): SQLSTATE[HY000] [2002] No connection could be made because the target machine actively refused it at C:/Users/mirod/Documents/Code/JetBrains/GFSDFoodDrive/vendor/laravel/framework/src/Illuminate/Database/Connectors/Connector.php:67)
[stacktrace]
#0 C:/Users/mirod/Documents/Code/JetBrains/GFSDFoodDrive/vendor/laravel/framework/src/Illuminate/Database/Connectors/Connector.php(67): PDO::connect()
#1 C:/Users/mirod/Documents/Code/JetBrains/GFSDFoodDrive/vendor/laravel/framework/src/Illuminate/Database/Connectors/Connector.php(85): Illuminate/Database/Connectors/Connector->createPdoConnection()
#2 C:/Users/mirod/Documents/Code/JetBrains/GFSDFoodDrive/vendor/laravel/framework/src/Illuminate/Database/Connectors/Connector.php(48): Illuminate/Database/Connectors/Connector->tryAgainIfCausedByLostConnection()
#3 C:/Users/mirod/Documents/Code/JetBrains/GFSDFoodDrive/vendor/laravel/framework/src/Illuminate/Database/Connectors/MySqlConnector.php(24): Illuminate/Database/Connectors/Connector->createConnection()
#4 C:/Users/mirod/Documents/Code/JetBrains/GFSDFoodDrive/vendor/laravel/framework/src/Illuminate/Database/Connectors/ConnectionFactory.php(185): Illuminate/Database/Connectors/MySqlConnector->connect()
#5 [internal function]: Illuminate/Database/Connectors/ConnectionFactory->{closure:Illuminate/Database/Connectors/ConnectionFactory::createPdoResolverWithHosts():180}()
#6 C:/Users/mirod/Documents/Code/JetBrains/GFSDFoodDrive/vendor/laravel/framework/src/Illuminate/Database/Connection.php(1231): call_user_func()
#7 C:/Users/mirod/Documents/Code/JetBrains/GFSDFoodDrive/vendor/laravel/framework/src/Illuminate/Database/Connection.php(1267): Illuminate/Database/Connection->getPdo()
#8 C:/Users/mirod/Documents/Code/JetBrains/GFSDFoodDrive/vendor/laravel/framework/src/Illuminate/Database/Connection.php(512): Illuminate/Database/Connection->getReadPdo()
#9 C:/Users/mirod/Documents/Code/JetBrains/GFSDFoodDrive/vendor/laravel/framework/src/Illuminate/Database/Connection.php(407): Illuminate/Database/Connection->getPdoForSelect()
#10 C:/Users/mirod/Documents/Code/JetBrains/GFSDFoodDrive/vendor/laravel/framework/src/Illuminate/Database/Connection.php(812): Illuminate/Database/Connection->{closure:Illuminate/Database/Connection::select():398}()
#11 C:/Users/mirod/Documents/Code/JetBrains/GFSDFoodDrive/vendor/laravel/framework/src/Illuminate/Database/Connection.php(979): Illuminate/Database/Connection->runQueryCallback()
#12 C:/Users/mirod/Documents/Code/JetBrains/GFSDFoodDrive/vendor/laravel/framework/src/Illuminate/Database/Connection.php(958): Illuminate/Database/Connection->tryAgainIfCausedByLostConnection()
#13 C:/Users/mirod/Documents/Code/JetBrains/GFSDFoodDrive/vendor/laravel/framework/src/Illuminate/Database/Connection.php(781): Illuminate/Database/Connection->handleQueryException()
#14 C:/Users/mirod/Documents/Code/JetBrains/GFSDFoodDrive/vendor/laravel/framework/src/Illuminate/Database/Connection.php(398): Illuminate/Database/Connection->run()
#15 C:/Users/mirod/Documents/Code/JetBrains/GFSDFoodDrive/vendor/laravel/framework/src/Illuminate/Database/Query/Builder.php(3106): Illuminate/Database/Connection->select()
#16 C:/Users/mirod/Documents/Code/JetBrains/GFSDFoodDrive/vendor/laravel/framework/src/Illuminate/Database/Query/Builder.php(3091): Illuminate/Database/Query/Builder->runSelect()
#17 C:/Users/mirod/Documents/Code/JetBrains/GFSDFoodDrive/vendor/laravel/framework/src/Illuminate/Database/Query/Builder.php(3676): Illuminate/Database/Query/Builder->{closure:Illuminate/Database/Query/Builder::get():3090}()
#18 C:/Users/mirod/Documents/Code/JetBrains/GFSDFoodDrive/vendor/laravel/framework/src/Illuminate/Database/Query/Builder.php(3090): Illuminate/Database/Query/Builder->onceWithColumns()
#19 C:/Users/mirod/Documents/Code/JetBrains/GFSDFoodDrive/database/seeders/LegacyDataSeeder.php(32): Illuminate/Database/Query/Builder->get()
#20 C:/Users/mirod/Documents/Code/JetBrains/GFSDFoodDrive/database/seeders/LegacyDataSeeder.php(23): Database/Seeders/LegacyDataSeeder->migrateUsers()
#21 C:/Users/mirod/Documents/Code/JetBrains/GFSDFoodDrive/vendor/laravel/framework/src/Illuminate/Container/BoundMethod.php(36): Database/Seeders/LegacyDataSeeder->run()
#22 C:/Users/mirod/Documents/Code/JetBrains/GFSDFoodDrive/vendor/laravel/framework/src/Illuminate/Container/Util.php(43): Illuminate/Container/BoundMethod::{closure:Illuminate/Container/BoundMethod::call():35}()
#23 C:/Users/mirod/Documents/Code/JetBrains/GFSDFoodDrive/vendor/laravel/framework/src/Illuminate/Container/BoundMethod.php(95): Illuminate/Container/Util::unwrapIfClosure()
#24 C:/Users/mirod/Documents/Code/JetBrains/GFSDFoodDrive/vendor/laravel/framework/src/Illuminate/Container/BoundMethod.php(35): Illuminate/Container/BoundMethod::callBoundMethod()
#25 C:/Users/mirod/Documents/Code/JetBrains/GFSDFoodDrive/vendor/laravel/framework/src/Illuminate/Container/Container.php(696): Illuminate/Container/BoundMethod::call()
#26 C:/Users/mirod/Documents/Code/JetBrains/GFSDFoodDrive/vendor/laravel/framework/src/Illuminate/Database/Seeder.php(188): Illuminate/Container/Container->call()
#27 C:/Users/mirod/Documents/Code/JetBrains/GFSDFoodDrive/vendor/laravel/framework/src/Illuminate/Database/Seeder.php(197): Illuminate/Database/Seeder->{closure:Illuminate/Database/Seeder::__invoke():187}()
#28 C:/Users/mirod/Documents/Code/JetBrains/GFSDFoodDrive/vendor/laravel/framework/src/Illuminate/Database/Console/Seeds/SeedCommand.php(70): Illuminate/Database/Seeder->__invoke()
#29 C:/Users/mirod/Documents/Code/JetBrains/GFSDFoodDrive/vendor/laravel/framework/src/Illuminate/Database/Eloquent/Concerns/GuardsAttributes.php(155): Illuminate/Database/Console/Seeds/SeedCommand->{closure:Illuminate/Database/Console/Seeds/SeedCommand::handle():69}()
#30 C:/Users/mirod/Documents/Code/JetBrains/GFSDFoodDrive/vendor/laravel/framework/src/Illuminate/Database/Console/Seeds/SeedCommand.php(69): Illuminate/Database/Eloquent/Model::unguarded()
#31 C:/Users/mirod/Documents/Code/JetBrains/GFSDFoodDrive/vendor/laravel/framework/src/Illuminate/Container/BoundMethod.php(36): Illuminate/Database/Console/Seeds/SeedCommand->handle()
#32 C:/Users/mirod/Documents/Code/JetBrains/GFSDFoodDrive/vendor/laravel/framework/src/Illuminate/Container/Util.php(43): Illuminate/Container/BoundMethod::{closure:Illuminate/Container/BoundMethod::call():35}()
#33 C:/Users/mirod/Documents/Code/JetBrains/GFSDFoodDrive/vendor/laravel/framework/src/Illuminate/Container/BoundMethod.php(95): Illuminate/Container/Util::unwrapIfClosure()
#34 C:/Users/mirod/Documents/Code/JetBrains/GFSDFoodDrive/vendor/laravel/framework/src/Illuminate/Container/BoundMethod.php(35): Illuminate/Container/BoundMethod::callBoundMethod()
#35 C:/Users/mirod/Documents/Code/JetBrains/GFSDFoodDrive/vendor/laravel/framework/src/Illuminate/Container/Container.php(696): Illuminate/Container/BoundMethod::call()
#36 C:/Users/mirod/Documents/Code/JetBrains/GFSDFoodDrive/vendor/laravel/framework/src/Illuminate/Console/Command.php(213): Illuminate/Container/Container->call()
#37 C:/Users/mirod/Documents/Code/JetBrains/GFSDFoodDrive/vendor/symfony/console/Command/Command.php(341): Illuminate/Console/Command->execute()
#38 C:/Users/mirod/Documents/Code/JetBrains/GFSDFoodDrive/vendor/laravel/framework/src/Illuminate/Console/Command.php(182): Symfony/Component/Console/Command/Command->run()
#39 C:/Users/mirod/Documents/Code/JetBrains/GFSDFoodDrive/vendor/symfony/console/Application.php(1102): Illuminate/Console/Command->run()
#40 C:/Users/mirod/Documents/Code/JetBrains/GFSDFoodDrive/vendor/symfony/console/Application.php(356): Symfony/Component/Console/Application->doRunCommand()
#41 C:/Users/mirod/Documents/Code/JetBrains/GFSDFoodDrive/vendor/symfony/console/Application.php(195): Symfony/Component/Console/Application->doRun()
#42 C:/Users/mirod/Documents/Code/JetBrains/GFSDFoodDrive/vendor/laravel/framework/src/Illuminate/Foundation/Console/Kernel.php(198): Symfony/Component/Console/Application->run()
#43 C:/Users/mirod/Documents/Code/JetBrains/GFSDFoodDrive/vendor/laravel/framework/src/Illuminate/Foundation/Application.php(1235): Illuminate/Foundation/Console/Kernel->handle()
#44 C:/Users/mirod/Documents/Code/JetBrains/GFSDFoodDrive/artisan(9): Illuminate/Foundation/Application->handleCommand()
#45 {main}
"} 
